<?xml version="1.0" encoding="UTF-8"?>
<!-- Generated by org.testng.reporters.JUnitReportReporter -->
<testsuite hostname="harshit" failures="0" tests="1" name="com.GroupId.artifactID.AppTest" time="0.006" errors="0" timestamp="2023-09-16T13:02:57 IST" skipped="0">
  <testcase classname="com.GroupId.artifactID.AppTest" name="shouldAnswerWithTrue" time="0.006"/>
  <system-out/>
</testsuite> <!-- com.GroupId.artifactID.AppTest -->
