<?xml version="1.0" encoding="UTF-8"?>
<!-- Generated by org.testng.reporters.JUnitReportReporter -->
<testsuite hostname="harshit" failures="0" tests="2" name="com.GroupId.test.DemoTest" time="3.532" errors="0" timestamp="2023-09-25T14:44:38 IST" skipped="0">
  <testcase classname="com.GroupId.test.DemoTest" name="demo_Testing01" time="2.689"/>
  <system-out/>
  <testcase classname="com.GroupId.test.DemoTest" name="demo_Testing02" time="0.843"/>
  <system-out/>
</testsuite> <!-- com.GroupId.test.DemoTest -->
