<?xml version="1.0" encoding="UTF-8"?>
<!-- Generated by org.testng.reporters.JUnitReportReporter -->
<testsuite hostname="harshit" failures="0" tests="1" name="com.GroupId.test.DemoTest" time="2.573" errors="0" timestamp="2023-09-17T16:52:23 IST" skipped="0">
  <testcase classname="com.GroupId.test.DemoTest" name="demo_Testing01" time="2.573"/>
  <system-out/>
</testsuite> <!-- com.GroupId.test.DemoTest -->
