<?xml version="1.0" encoding="UTF-8"?>
<!-- Generated by org.testng.reporters.JUnitReportReporter -->
<testsuite hostname="harshit" failures="0" tests="1" name="com.GroupId.utils.BaseTest" time="4.777" errors="0" timestamp="2023-09-11T15:44:48 IST" skipped="0">
  <testcase classname="com.GroupId.utils.BaseTest" name="web_Driver_Setup" time="4.777"/>
</testsuite> <!-- com.GroupId.utils.BaseTest -->
